<?xml version="1.0" encoding="UTF-8"?>
<testsuite xmlns:xsi="http://www.w3.org/2001/XMLSchema-instance" xsi:noNamespaceSchemaLocation="https://maven.apache.org/surefire/maven-surefire-plugin/xsd/surefire-test-report.xsd" version="3.0.2" name="com.gahan.song.picker.SongPickerApplicationTests" time="1.291" tests="1" errors="0" skipped="0" failures="0">
  <properties>
[...]
</properties>
  <testcase name="contextLoads" classname="com.gahan.song.picker.SongPickerApplicationTests" time="0.37">
    <system-out><![CDATA[12:50:39.649 [main] INFO org.springframework.test.context.support.AnnotationConfigContextLoaderUtils -- Could not detect default configuration classes for test class [com.gahan.song.picker.SongPickerApplicationTests]: SongPickerApplicationTests does not declare any static, non-private, non-final, nested classes annotated with @Configuration.
12:50:39.727 [main] INFO org.springframework.boot.test.context.SpringBootTestContextBootstrapper -- Found @SpringBootConfiguration com.gahan.song.picker.SongPickerApplication for test class com.gahan.song.picker.SongPickerApplicationTests

  .   ____          _            __ _ _
 /\\ / ___'_ __ _ _(_)_ __  __ _ \ \ \ \
( ( )\___ | '_ | '_| | '_ \/ _` | \ \ \ \
 \\/  ___)| |_)| | | | | || (_| |  ) ) ) )
  '  |____| .__|_| |_|_| |_\__, | / / / /
 =========|_|==============|___/=/_/_/_/

 :: Spring Boot ::                (v3.5.5)

2026-05-19T12:50:39.925-05:00  INFO 7234 --- [song-picker] [           main] c.g.s.picker.SongPickerApplicationTests  : Starting SongPickerApplicationTests using Java 23.0.2 with PID 7234 (started by gahanpatel in /Users/gahanpatel/song-picker)
2026-05-19T12:50:39.926-05:00  INFO 7234 --- [song-picker] [           main] c.g.s.picker.SongPickerApplicationTests  : No active profile set, falling back to 1 default profile: "default"
2026-05-19T12:50:40.485-05:00  INFO 7234 --- [song-picker] [           main] c.g.s.picker.SongPickerApplicationTests  : Started SongPickerApplicationTests in 0.693 seconds (process running for 1.175)
]]></system-out>
    <system-err><![CDATA[Mockito is currently self-attaching to enable the inline-mock-maker. This will no longer work in future releases of the JDK. Please add Mockito as an agent to your build as described in Mockito's documentation: https://javadoc.io/doc/org.mockito/mockito-core/latest/org.mockito/org/mockito/Mockito.html#0.3
WARNING: A Java agent has been loaded dynamically (/Users/gahanpatel/.m2/repository/net/bytebuddy/byte-buddy-agent/1.17.7/byte-buddy-agent-1.17.7.jar)
WARNING: If a serviceability tool is in use, please run with -XX:+EnableDynamicAgentLoading to hide this warning
WARNING: If a serviceability tool is not in use, please run with -Djdk.instrument.traceUsage for more information
WARNING: Dynamic loading of agents will be disallowed by default in a future release
]]></system-err>
  </testcase>
</testsuite>