<?xml version="1.0" encoding="UTF-8"?>
<testsuite xmlns:xsi="http://www.w3.org/2001/XMLSchema-instance" xsi:noNamespaceSchemaLocation="https://maven.apache.org/surefire/maven-surefire-plugin/xsd/surefire-test-report.xsd" version="3.0.2" name="com.gahan.song.picker.SpotifyServiceTest" time="13.413" tests="6" errors="0" skipped="0" failures="0">
  <properties>
[...]
</properties>
  <testcase name="findPlaylistRecommendations_invalidUrl_fallsBackToSearch" classname="com.gahan.song.picker.SpotifyServiceTest" time="3.691">
    <system-out><![CDATA[2026-05-19T12:50:40.866-05:00  INFO 7234 --- [song-picker] [           main] t.c.s.AnnotationConfigContextLoaderUtils : Could not detect default configuration classes for test class [com.gahan.song.picker.SpotifyServiceTest]: SpotifyServiceTest does not declare any static, non-private, non-final, nested classes annotated with @Configuration.
2026-05-19T12:50:40.867-05:00  INFO 7234 --- [song-picker] [           main] .b.t.c.SpringBootTestContextBootstrapper : Found @SpringBootConfiguration com.gahan.song.picker.SongPickerApplication for test class com.gahan.song.picker.SpotifyServiceTest
Last.fm target tags: [happy, cheerful, feel-good, positive, joyful, uplifting, fun, summer, pop, disco, funk, bright]
Top match: Cycling Is Fun (score=3)
]]></system-out>
  </testcase>
  <testcase name="findRecommendations_highEnergy_returnsTracks" classname="com.gahan.song.picker.SpotifyServiceTest" time="2.186">
    <system-out><![CDATA[Last.fm target tags: [energetic, upbeat, intense, powerful, driving, hard, rock, metal, punk, hip-hop, rap, edm, dance, happy, cheerful, feel-good, positive, joyful, uplifting, fun, summer, pop, disco, funk, bright, dance, danceable, groovy, funky, party, club, house, disco, pop, electronic, edm, electric, synth, electro, techno, house, industrial]
Top match: Make You Happy (score=5)
]]></system-out>
  </testcase>
  <testcase name="contextLoads" classname="com.gahan.song.picker.SpotifyServiceTest" time="0.002"/>
  <testcase name="findPlaylistRecommendations_realPlaylist_returnsFiveTracks" classname="com.gahan.song.picker.SpotifyServiceTest" time="2.76">
    <system-out><![CDATA[Playlist recommendations failed: 404 Not Found on GET request for "https://api.spotify.com/v1/playlists/37i9dQZF1DX4WYpdgoIcn6/tracks": "{"error": {"status": 404, "message": "Resource not found" } }"
Last.fm target tags: [calm, chill, peaceful, relaxing, mellow, ambient, sleep, meditation, new age, classical, instrumental, lo-fi, soft]
Top match: Calm Background Ambience, Pt. 39 (score=2)
Playlist returned 5 tracks:
  Calm Background Ambience, Pt. 39 – Sleep Fruits Music
  Calming Sleep Music, Pt. 1 – Sleep Fruits Music
  Calming Sleep Music, Pt. 3 – Sleep Fruits Music
  Ambient Spa – Ocean Sounds
  God's Plan – Drake
]]></system-out>
  </testcase>
  <testcase name="findRecommendations_returnsUpToFiveTracks" classname="com.gahan.song.picker.SpotifyServiceTest" time="2.122">
    <system-out><![CDATA[Last.fm target tags: [calm, chill, peaceful, relaxing, mellow, ambient, sleep, meditation, new age, classical, instrumental, lo-fi, soft, acoustic, folk, unplugged, singer-songwriter, country, indie folk, ballad, guitar]
Top match: Names and Races (score=8)
Returned 5 tracks, first: Names and Races – Foreign Fields
]]></system-out>
  </testcase>
  <testcase name="findRecommendations_noIdExposedInResponse" classname="com.gahan.song.picker.SpotifyServiceTest" time="2.638">
    <system-out><![CDATA[Last.fm target tags: [calm, chill, peaceful, relaxing, mellow, ambient, sleep, meditation, new age, classical, instrumental, lo-fi, soft]
Top match: Atmospheric Entry (score=3)
]]></system-out>
  </testcase>
</testsuite>